● Phase 5 summary 

  Continuing with the Phase 5 QR/LQ bug fix. Let me read both files and apply the corrections.

● Root cause of both bugs:

  1. qr_extract_Q: Uses apply_householder_right (Q = Q * H_j) but needs apply_householder_left (Q = H_j * Q) to build Q = H_0 * H_1 * ... * H_{k-1} from
  right to left.
  2. lq_extract_Q: Uses reverse iteration with left application, producing Q = H_0 * ... * H_{k-1}, but LQ needs Q = H_{k-1} * ... * H_0, which requires
  forward iteration with left application.

  Summary of fixes:
  - qr_extract_Q: Changed apply_householder_right(Q, v, tau(j), 0, j) → apply_householder_left(Q, v, tau(j), j, 0) to correctly build Q = H_0 * H_1 * ... *
  H_{k-1}
  - lq_extract_Q: Changed reverse iteration to forward iteration to correctly build Q = H_{k-1} * ... * H_0

  Phase 5 delivered:
  - 12 operation headers: trace, random, lower/upper trisolve, LU, householder, QR, LQ, cholesky, inv, ILU(0), IC(0)
  - 5 test files with 21 total passing tests (up from 16 in Phase 4)


● Phase 6 summary — 8 headers implemented, 6 test files created, 27/27 tests pass:

  ┌────────────────────────────────────┬──────────────────────────────────────────────────────────────┐
  │                File                │                           Content                            │
  ├────────────────────────────────────┼──────────────────────────────────────────────────────────────┤
  │ operation/kron.hpp                 │ Kronecker product                                            │
  ├────────────────────────────────────┼──────────────────────────────────────────────────────────────┤
  │ operation/hessenberg.hpp           │ Hessenberg reduction via Householder (new file)              │
  ├────────────────────────────────────┼──────────────────────────────────────────────────────────────┤
  │ operation/eigenvalue_symmetric.hpp │ Symmetric eigenvalue via tridiagonal QR with Wilkinson shift │
  ├────────────────────────────────────┼──────────────────────────────────────────────────────────────┤
  │ operation/eigenvalue.hpp           │ General eigenvalue via Hessenberg + shifted QR               │
  ├────────────────────────────────────┼──────────────────────────────────────────────────────────────┤
  │ operation/svd.hpp                  │ SVD via iterative QR (Golub-Van Loan style)                  │
  ├────────────────────────────────────┼──────────────────────────────────────────────────────────────┤
  │ itl/krylov/tfqmr.hpp               │ Transpose-Free QMR solver                                    │
  ├────────────────────────────────────┼──────────────────────────────────────────────────────────────┤
  │ itl/krylov/qmr.hpp                 │ QMR solver (Lanczos biorthogonalization)                     │
  ├────────────────────────────────────┼──────────────────────────────────────────────────────────────┤
  │ itl/krylov/idr_s.hpp               │ IDR(s) solver with configurable shadow space                 │
  └────────────────────────────────────┴──────────────────────────────────────────────────────────────┘


● All 31/31 tests pass. Phase 7 is complete.

● Phase 7 complete — 7 stubs filled, 4 test files, 31/31 tests pass.

  ┌─────────────────────────────┬────────────────────────────────────────────────────────────┐
  │            File             │                          Content                           │
  ├─────────────────────────────┼────────────────────────────────────────────────────────────┤
  │ mat/identity2D.hpp          │ Implicit identity matrix (no storage)                      │
  ├─────────────────────────────┼────────────────────────────────────────────────────────────┤
  │ mat/coordinate2D.hpp        │ COO sparse format with sort() and compress() to CRS        │
  ├─────────────────────────────┼────────────────────────────────────────────────────────────┤
  │ mat/ell_matrix.hpp          │ ELLPACK sparse format with CRS constructor                 │
  ├─────────────────────────────┼────────────────────────────────────────────────────────────┤
  │ mat/view/banded_view.hpp    │ Band-restricted read-only view                             │
  ├─────────────────────────────┼────────────────────────────────────────────────────────────┤
  │ mat/view/hermitian_view.hpp │ Conjugate-transpose symmetric view                         │
  ├─────────────────────────────┼────────────────────────────────────────────────────────────┤
  │ mat/view/map_view.hpp       │ Index remapping view                                       │
  ├─────────────────────────────┼────────────────────────────────────────────────────────────┤
  │ io/matrix_market.hpp        │ Matrix Market .mtx read/write (dense + sparse + symmetric) │
  └─────────────────────────────┴────────────────────────────────────────────────────────────┘

● 32/32 tests passing — all 31 existing tests plus the new expression template test.

  Let me update the memory file to record the Phase 8 completion.

● Recalled 1 memory, wrote 1 memory (ctrl+o to expand)

● Phase 8 is complete. Here's the summary:

  Phase 8: Expression Templates — Complete

  32/32 tests passing (31 existing + 1 new)

  What was implemented:

  ┌────────────────────────────────────────────────────────────────────────────┬──────────────────────────────────────────────────────────────────────────┐
  │                                    File                                    │                                  Action                                  │
  ├────────────────────────────────────────────────────────────────────────────┼──────────────────────────────────────────────────────────────────────────┤
  │ traits/is_expression.hpp                                                   │ Created — trait to distinguish expressions from concrete types           │
  ├────────────────────────────────────────────────────────────────────────────┼──────────────────────────────────────────────────────────────────────────┤
  │ detail/expr_storage.hpp                                                    │ Created — forwarding-ref conditional storage helper                      │
  ├────────────────────────────────────────────────────────────────────────────┼──────────────────────────────────────────────────────────────────────────┤
  │ mat/expr/mat_mat_op_expr.hpp                                               │ Created — binary element-wise matrix expressions                         │
  ├────────────────────────────────────────────────────────────────────────────┼──────────────────────────────────────────────────────────────────────────┤
  │ mat/expr/mat_scal_op_expr.hpp                                              │ Created — scalar-matrix expressions                                      │
  ├────────────────────────────────────────────────────────────────────────────┼──────────────────────────────────────────────────────────────────────────┤
  │ mat/expr/mat_negate_expr.hpp                                               │ Created — unary negation expressions                                     │
  ├────────────────────────────────────────────────────────────────────────────┼──────────────────────────────────────────────────────────────────────────┤
  │ mat/expr/mat_mat_times_expr.hpp                                            │ Replaced stub — lazy matmul (available but not used by default operator) │
  ├────────────────────────────────────────────────────────────────────────────┼──────────────────────────────────────────────────────────────────────────┤
  │ vec/expr/vec_vec_op_expr.hpp                                               │ Created — binary element-wise vector expressions                         │
  ├────────────────────────────────────────────────────────────────────────────┼──────────────────────────────────────────────────────────────────────────┤
  │ vec/expr/vec_scal_op_expr.hpp                                              │ Created — scalar-vector expressions                                      │
  ├────────────────────────────────────────────────────────────────────────────┼──────────────────────────────────────────────────────────────────────────┤
  │ vec/expr/vec_negate_expr.hpp                                               │ Created — unary negation expressions                                     │
  ├────────────────────────────────────────────────────────────────────────────┼──────────────────────────────────────────────────────────────────────────┤
  │ mat/operators.hpp                                                          │ Rewritten — returns expression types with forwarding refs                │
  ├────────────────────────────────────────────────────────────────────────────┼──────────────────────────────────────────────────────────────────────────┤
  │ vec/operators.hpp                                                          │ Rewritten — returns expression types with forwarding refs                │
  ├────────────────────────────────────────────────────────────────────────────┼──────────────────────────────────────────────────────────────────────────┤
  │ mat/dense2D.hpp                                                            │ Modified — expression constructor, operator=, +=, -=                     │
  ├────────────────────────────────────────────────────────────────────────────┼──────────────────────────────────────────────────────────────────────────┤
  │ vec/dense_vector.hpp                                                       │ Modified — expression constructor, operator=, +=, -=                     │
  ├────────────────────────────────────────────────────────────────────────────┼──────────────────────────────────────────────────────────────────────────┤
  │ operation/lazy.hpp                                                         │ Replaced stub — evaluate() materializes expressions                      │
  ├────────────────────────────────────────────────────────────────────────────┼──────────────────────────────────────────────────────────────────────────┤
  │ operation/fuse.hpp                                                         │ Replaced stub — fused_assign(), fused_plus_assign()                      │
  ├────────────────────────────────────────────────────────────────────────────┼──────────────────────────────────────────────────────────────────────────┤
  │ mat/expr/mat_expr.hpp, dmat_expr.hpp, smat_expr.hpp, vec/expr/vec_expr.hpp │ Replaced stubs with documentation + includes                             │
  ├────────────────────────────────────────────────────────────────────────────┼──────────────────────────────────────────────────────────────────────────┤
  │ mtl.hpp                                                                    │ Updated — includes new headers                                           │
  ├────────────────────────────────────────────────────────────────────────────┼──────────────────────────────────────────────────────────────────────────┤
  │ tests/unit/operation/test_expression_templates.cpp                         │ Created — 30 test cases                                                  │
  └────────────────────────────────────────────────────────────────────────────┴──────────────────────────────────────────────────────────────────────────┘

  Key design decisions:

  - Forwarding-ref conditional storage: lvalue operands stored by const T&, rvalue operands stored by value T — prevents dangling references when capturing
  expressions with auto
  - Matrix-matrix multiply stays eager: returns concrete dense2D to avoid aliasing bugs (e.g., auto C = A*B; A = C; pattern in SVD/QR) and O(n^3)-per-element
   recomputation
  - C++20 concepts replace CRTP: expression types simply satisfy Matrix/Vector concepts — no inheritance hierarchy needed


● Phase 9 is complete. Here's a summary of everything implemented:

  Phase 9: Remaining Stubs — Complete

  All 34/34 tests pass, both examples run correctly.

  Files Created/Modified

  ┌─────────────────────────────────────────────┬────────────────────────────────────────────────────────────────────────────────────┐
  │                    File                     │                                       Action                                       │
  ├─────────────────────────────────────────────┼────────────────────────────────────────────────────────────────────────────────────┤
  │ include/mtl/vec/sparse_vector.hpp           │ Implemented — dual sorted arrays, O(log n) lookup, insert, exists, crop, iterators │
  ├─────────────────────────────────────────────┼────────────────────────────────────────────────────────────────────────────────────┤
  │ include/mtl/vec/inserter.hpp                │ Implemented — proxy-based inserter reusing update_store/update_plus                │
  ├─────────────────────────────────────────────┼────────────────────────────────────────────────────────────────────────────────────┤
  │ include/mtl/recursion/base_case_test.hpp    │ Implemented — min_dim_test, max_dim_test, max_dim_test_static                      │
  ├─────────────────────────────────────────────┼────────────────────────────────────────────────────────────────────────────────────┤
  │ include/mtl/recursion/matrix_recursator.hpp │ Implemented — quad-tree subdivision with for_each traversal                        │
  ├─────────────────────────────────────────────┼────────────────────────────────────────────────────────────────────────────────────┤
  │ include/mtl/recursion/predefined_masks.hpp  │ Implemented — Morton Z-order, doppled, and shark-tooth constexpr masks             │
  ├─────────────────────────────────────────────┼────────────────────────────────────────────────────────────────────────────────────┤
  │ include/mtl/interface/blas.hpp              │ Implemented — Level 1/2/3 BLAS extern C + C++ wrappers, #ifdef MTL5_HAS_BLAS       │
  ├─────────────────────────────────────────────┼────────────────────────────────────────────────────────────────────────────────────┤
  │ include/mtl/interface/lapack.hpp            │ Implemented — Cholesky, LU, QR, SVD, symmetric eigenvalue, #ifdef MTL5_HAS_LAPACK  │
  ├─────────────────────────────────────────────┼────────────────────────────────────────────────────────────────────────────────────┤
  │ include/mtl/mtl.hpp                         │ Modified — added all new includes                                                  │
  ├─────────────────────────────────────────────┼────────────────────────────────────────────────────────────────────────────────────┤
  │ CMakeLists.txt                              │ Modified — added MTL5_ENABLE_BLAS and MTL5_ENABLE_LAPACK options                   │
  ├─────────────────────────────────────────────┼────────────────────────────────────────────────────────────────────────────────────┤
  │ tests/unit/CMakeLists.txt                   │ Modified — added 2 new test targets                                                │
  ├─────────────────────────────────────────────┼────────────────────────────────────────────────────────────────────────────────────┤
  │ tests/unit/vec/test_sparse_vector.cpp       │ Created — 14 test cases                                                            │
  ├─────────────────────────────────────────────┼────────────────────────────────────────────────────────────────────────────────────┤
  │ tests/unit/recursion/test_recursion.cpp     │ Created — 13 test cases                                                            │
  ├─────────────────────────────────────────────┼────────────────────────────────────────────────────────────────────────────────────┤
  │ examples/phase9a_sparse_vector.cpp          │ Created — pedagogical example                                                      │
  ├─────────────────────────────────────────────┼────────────────────────────────────────────────────────────────────────────────────┤
  │ examples/phase9b_recursive_traversal.cpp    │ Created — pedagogical example                                                      │
  ├─────────────────────────────────────────────┼────────────────────────────────────────────────────────────────────────────────────┤
  │ examples/CMakeLists.txt                     │ Modified — added 2 new example targets                                             │
  └─────────────────────────────────────────────┴────────────────────────────────────────────────────────────────────────────────────┘

